[01m[K/home/parallels/prog/ros2_4gewinnt/vier_gewinnt/src/turtle.cpp:30:10:[m[K [01;31m[Kfatal error: [m[Kturtlesim/turtle.h: Datei oder Verzeichnis nicht gefunden
   30 | #include [01;31m[K"turtlesim/turtle.h"[m[K
      |          [01;31m[K^~~~~~~~~~~~~~~~~~~~[m[K
compilation terminated.
gmake[2]: *** [CMakeFiles/vier_gewinnt_node.dir/build.make:94: CMakeFiles/vier_gewinnt_node.dir/src/turtle.cpp.o] Fehler 1
gmake[2]: *** Auf noch nicht beendete Prozesse wird gewartet â€¦
[01m[K/home/parallels/prog/ros2_4gewinnt/vier_gewinnt/src/turtlesim.cpp:34:10:[m[K [01;31m[Kfatal error: [m[Kturtlesim/turtle_frame.h: Datei oder Verzeichnis nicht gefunden
   34 | #include [01;31m[K"turtlesim/turtle_frame.h"[m[K
      |          [01;31m[K^~~~~~~~~~~~~~~~~~~~~~~~~~[m[K
compilation terminated.
gmake[2]: *** [CMakeFiles/vier_gewinnt_node.dir/build.make:80: CMakeFiles/vier_gewinnt_node.dir/src/turtlesim.cpp.o] Fehler 1
gmake[1]: *** [CMakeFiles/Makefile2:595: CMakeFiles/vier_gewinnt_node.dir/all] Fehler 2
gmake: *** [Makefile:146: all] Fehler 2
